<?xml version="1.0" encoding="UTF-8"?>
<testng-results skipped="2" failed="1" ignored="0" total="5" passed="2">
  <reporter-output>
  </reporter-output>
  <suite name="Default suite" duration-ms="72258" started-at="2020-12-02T09:49:33Z" finished-at="2020-12-02T09:50:46Z">
    <groups>
    </groups>
    <test name="Default test" duration-ms="72258" started-at="2020-12-02T09:49:33Z" finished-at="2020-12-02T09:50:46Z">
      <class name="TestCases.TC06Ihya">
        <test-method status="PASS" signature="Settings()[pri:0, instance:TestCases.TC06Ihya@3c0f93f1]" name="Settings" is-config="true" duration-ms="45876" started-at="2020-12-02T09:49:33Z" finished-at="2020-12-02T09:50:19Z">
          <reporter-output>
          </reporter-output>
        </test-method> <!-- Settings -->
        <test-method status="PASS" signature="Login()[pri:0, instance:TestCases.TC06Ihya@3c0f93f1]" name="Login" duration-ms="18754" started-at="2020-12-02T09:50:19Z" finished-at="2020-12-02T09:50:38Z">
          <reporter-output>
          </reporter-output>
        </test-method> <!-- Login -->
        <test-method status="PASS" signature="Menu()[pri:0, instance:TestCases.TC06Ihya@3c0f93f1]" name="Menu" duration-ms="5880" started-at="2020-12-02T09:50:38Z" depends-on-methods="TestCases.TC06Ihya.Login" finished-at="2020-12-02T09:50:44Z">
          <reporter-output>
          </reporter-output>
        </test-method> <!-- Menu -->
        <test-method status="FAIL" signature="Search()[pri:0, instance:TestCases.TC06Ihya@3c0f93f1]" name="Search" duration-ms="1698" started-at="2020-12-02T09:50:44Z" depends-on-methods="TestCases.TC06Ihya.Menu" finished-at="2020-12-02T09:50:46Z">
          <exception class="java.lang.IllegalArgumentException">
            <message>
              <![CDATA[Keys to send should be a not null CharSequence]]>
            </message>
            <full-stacktrace>
              <![CDATA[java.lang.IllegalArgumentException: Keys to send should be a not null CharSequence
at org.openqa.selenium.remote.RemoteWebElement.sendKeys(RemoteWebElement.java:97)
at sun.reflect.NativeMethodAccessorImpl.invoke0(Native Method)
at sun.reflect.NativeMethodAccessorImpl.invoke(Unknown Source)
at sun.reflect.DelegatingMethodAccessorImpl.invoke(Unknown Source)
at java.lang.reflect.Method.invoke(Unknown Source)
at org.openqa.selenium.support.pagefactory.internal.LocatingElementHandler.invoke(LocatingElementHandler.java:51)
at com.sun.proxy.$Proxy8.sendKeys(Unknown Source)
at Regression.TypeGSM.SearchforIhya(TypeGSM.java:36)
at TestCases.TC06Ihya.Search(TC06Ihya.java:41)
at sun.reflect.NativeMethodAccessorImpl.invoke0(Native Method)
at sun.reflect.NativeMethodAccessorImpl.invoke(Unknown Source)
at sun.reflect.DelegatingMethodAccessorImpl.invoke(Unknown Source)
at java.lang.reflect.Method.invoke(Unknown Source)
at org.testng.internal.MethodInvocationHelper.invokeMethod(MethodInvocationHelper.java:124)
at org.testng.internal.Invoker.invokeMethod(Invoker.java:583)
at org.testng.internal.Invoker.invokeTestMethod(Invoker.java:719)
at org.testng.internal.Invoker.invokeTestMethods(Invoker.java:989)
at org.testng.internal.TestMethodWorker.invokeTestMethods(TestMethodWorker.java:125)
at org.testng.internal.TestMethodWorker.run(TestMethodWorker.java:109)
at org.testng.TestRunner.privateRun(TestRunner.java:648)
at org.testng.TestRunner.run(TestRunner.java:505)
at org.testng.SuiteRunner.runTest(SuiteRunner.java:455)
at org.testng.SuiteRunner.runSequentially(SuiteRunner.java:450)
at org.testng.SuiteRunner.privateRun(SuiteRunner.java:415)
at org.testng.SuiteRunner.run(SuiteRunner.java:364)
at org.testng.SuiteRunnerWorker.runSuite(SuiteRunnerWorker.java:52)
at org.testng.SuiteRunnerWorker.run(SuiteRunnerWorker.java:84)
at org.testng.TestNG.runSuitesSequentially(TestNG.java:1208)
at org.testng.TestNG.runSuitesLocally(TestNG.java:1137)
at org.testng.TestNG.runSuites(TestNG.java:1049)
at org.testng.TestNG.run(TestNG.java:1017)
at org.testng.remote.AbstractRemoteTestNG.run(AbstractRemoteTestNG.java:115)
at org.testng.remote.RemoteTestNG.initAndRun(RemoteTestNG.java:251)
at org.testng.remote.RemoteTestNG.main(RemoteTestNG.java:77)
]]>
            </full-stacktrace>
          </exception> <!-- java.lang.IllegalArgumentException -->
          <reporter-output>
          </reporter-output>
        </test-method> <!-- Search -->
        <test-method status="SKIP" signature="Ihya()[pri:0, instance:TestCases.TC06Ihya@3c0f93f1]" name="Ihya" duration-ms="0" started-at="2020-12-02T09:50:46Z" depends-on-methods="TestCases.TC06Ihya.Search" finished-at="2020-12-02T09:50:46Z">
          <exception class="java.lang.Throwable">
            <message>
              <![CDATA[Method TC06Ihya.Ihya()[pri:0, instance:TestCases.TC06Ihya@3c0f93f1] depends on not successfully finished methods]]>
            </message>
            <full-stacktrace>
              <![CDATA[java.lang.Throwable: Method TC06Ihya.Ihya()[pri:0, instance:TestCases.TC06Ihya@3c0f93f1] depends on not successfully finished methods
at org.testng.internal.Invoker.invokeTestMethods(Invoker.java:888)
at org.testng.internal.TestMethodWorker.invokeTestMethods(TestMethodWorker.java:125)
at org.testng.internal.TestMethodWorker.run(TestMethodWorker.java:109)
at org.testng.TestRunner.privateRun(TestRunner.java:648)
at org.testng.TestRunner.run(TestRunner.java:505)
at org.testng.SuiteRunner.runTest(SuiteRunner.java:455)
at org.testng.SuiteRunner.runSequentially(SuiteRunner.java:450)
at org.testng.SuiteRunner.privateRun(SuiteRunner.java:415)
at org.testng.SuiteRunner.run(SuiteRunner.java:364)
at org.testng.SuiteRunnerWorker.runSuite(SuiteRunnerWorker.java:52)
at org.testng.SuiteRunnerWorker.run(SuiteRunnerWorker.java:84)
at org.testng.TestNG.runSuitesSequentially(TestNG.java:1208)
at org.testng.TestNG.runSuitesLocally(TestNG.java:1137)
at org.testng.TestNG.runSuites(TestNG.java:1049)
at org.testng.TestNG.run(TestNG.java:1017)
at org.testng.remote.AbstractRemoteTestNG.run(AbstractRemoteTestNG.java:115)
at org.testng.remote.RemoteTestNG.initAndRun(RemoteTestNG.java:251)
at org.testng.remote.RemoteTestNG.main(RemoteTestNG.java:77)
]]>
            </full-stacktrace>
          </exception> <!-- java.lang.Throwable -->
          <reporter-output>
          </reporter-output>
        </test-method> <!-- Ihya -->
        <test-method status="SKIP" signature="Ihya2()[pri:0, instance:TestCases.TC06Ihya@3c0f93f1]" name="Ihya2" duration-ms="0" started-at="2020-12-02T09:50:46Z" depends-on-methods="TestCases.TC06Ihya.Ihya" finished-at="2020-12-02T09:50:46Z">
          <exception class="java.lang.Throwable">
            <message>
              <![CDATA[Method TC06Ihya.Ihya2()[pri:0, instance:TestCases.TC06Ihya@3c0f93f1] depends on not successfully finished methods]]>
            </message>
            <full-stacktrace>
              <![CDATA[java.lang.Throwable: Method TC06Ihya.Ihya2()[pri:0, instance:TestCases.TC06Ihya@3c0f93f1] depends on not successfully finished methods
at org.testng.internal.Invoker.invokeTestMethods(Invoker.java:888)
at org.testng.internal.TestMethodWorker.invokeTestMethods(TestMethodWorker.java:125)
at org.testng.internal.TestMethodWorker.run(TestMethodWorker.java:109)
at org.testng.TestRunner.privateRun(TestRunner.java:648)
at org.testng.TestRunner.run(TestRunner.java:505)
at org.testng.SuiteRunner.runTest(SuiteRunner.java:455)
at org.testng.SuiteRunner.runSequentially(SuiteRunner.java:450)
at org.testng.SuiteRunner.privateRun(SuiteRunner.java:415)
at org.testng.SuiteRunner.run(SuiteRunner.java:364)
at org.testng.SuiteRunnerWorker.runSuite(SuiteRunnerWorker.java:52)
at org.testng.SuiteRunnerWorker.run(SuiteRunnerWorker.java:84)
at org.testng.TestNG.runSuitesSequentially(TestNG.java:1208)
at org.testng.TestNG.runSuitesLocally(TestNG.java:1137)
at org.testng.TestNG.runSuites(TestNG.java:1049)
at org.testng.TestNG.run(TestNG.java:1017)
at org.testng.remote.AbstractRemoteTestNG.run(AbstractRemoteTestNG.java:115)
at org.testng.remote.RemoteTestNG.initAndRun(RemoteTestNG.java:251)
at org.testng.remote.RemoteTestNG.main(RemoteTestNG.java:77)
]]>
            </full-stacktrace>
          </exception> <!-- java.lang.Throwable -->
          <reporter-output>
          </reporter-output>
        </test-method> <!-- Ihya2 -->
      </class> <!-- TestCases.TC06Ihya -->
    </test> <!-- Default test -->
  </suite> <!-- Default suite -->
</testng-results>
